2021/03/17 18:24:34 {"callers":["D:/go_code/src/go-programming-tour-book/blog-service/main.go: 26 main.init.0"],"level":"info","message":"eddycjy: go-programming-tour-book/blog-service","time":1615976674861419300}
2021/03/18 11:01:14 {"callers":["D:/go_code/src/go-programming-tour-book/blog-service/main.go: 26 main.init.0"],"level":"info","message":"eddycjy: go-programming-tour-book/blog-service","time":1616036474662935900}
2021/03/18 11:41:34 {"callers":["D:/go_code/src/go-programming-tour-book/blog-service/main.go: 26 main.init.0"],"level":"info","message":"eddycjy: go-programming-tour-book/blog-service","time":1616038894767917800}
2021/03/18 11:44:18 {"callers":["D:/go_code/src/go-programming-tour-book/blog-service/main.go: 26 main.init.0"],"level":"info","message":"eddycjy: go-programming-tour-book/blog-service","time":1616039058676101700}
2021/03/18 14:47:09 {"callers":["D:/go_code/src/go-programming-tour-book/blog-service/main.go: 26 main.init.0"],"level":"info","message":"eddycjy: go-programming-tour-book/blog-service","time":1616050029744778200}
2021/03/24 10:52:17 {"callers":["D:/go_code/src/go-programming-tour-book/blog-service/main.go: 26 main.init.0"],"level":"info","message":"eddycjy: go-programming-tour-book/blog-service","time":1616554337385758600}
2021/03/24 10:56:38 {"callers":["D:/go_code/src/go-programming-tour-book/blog-service/main.go: 26 main.init.0"],"level":"info","message":"eddycjy: go-programming-tour-book/blog-service","time":1616554598084176000}
2021/03/24 10:57:18 {"callers":["D:/go_code/src/go-programming-tour-book/blog-service/main.go: 26 main.init.0"],"level":"info","message":"eddycjy: go-programming-tour-book/blog-service","time":1616554638918862200}
2021/03/24 10:57:30 {"callers":["D:/go_code/src/go-programming-tour-book/blog-service/main.go: 26 main.init.0"],"level":"info","message":"app.BindAndValid errs: State必须是[0 1]中的一个","time":1616554650360233600}
2021/03/24 11:01:30 {"callers":["D:/go_code/src/go-programming-tour-book/blog-service/main.go: 26 main.init.0"],"level":"info","message":"eddycjy: go-programming-tour-book/blog-service","time":1616554890934436800}
2021/03/24 11:02:23 {"callers":["D:/go_code/src/go-programming-tour-book/blog-service/main.go: 26 main.init.0"],"level":"info","message":"eddycjy: go-programming-tour-book/blog-service","time":1616554943404344200}
2021/03/24 11:03:05 {"callers":["D:/go_code/src/go-programming-tour-book/blog-service/main.go: 26 main.init.0"],"level":"info","message":"app.BindAndValid errs: State必须是[0 1]中的一个","time":1616554985838075800}
2021/03/24 11:03:17 {"callers":["D:/go_code/src/go-programming-tour-book/blog-service/main.go: 26 main.init.0"],"level":"info","message":"app.BindAndValid errs: State必须是[0 1]中的一个","time":1616554997018117400}
2021/03/24 11:03:23 {"callers":["D:/go_code/src/go-programming-tour-book/blog-service/main.go: 26 main.init.0"],"level":"info","message":"app.BindAndValid errs: State必须是[0 1]中的一个","time":1616555003692400700}
2021/03/24 18:35:56 {"callers":["D:/go_code/src/go-programming-tour-book/blog-service/main.go: 26 main.init.0"],"level":"info","message":"eddycjy: go-programming-tour-book/blog-service","time":1616582156601063600}
2021/03/24 18:36:49 {"callers":["D:/go_code/src/go-programming-tour-book/blog-service/main.go: 26 main.init.0"],"level":"info","message":"app.BindAndValid errs: Name为必填字段","time":1616582209064072100}
2021/03/24 18:37:21 {"callers":["D:/go_code/src/go-programming-tour-book/blog-service/main.go: 26 main.init.0"],"level":"info","message":"app.BindAndValid errs: Name为必填字段","time":1616582241554097500}
2021/03/24 18:38:26 {"callers":["D:/go_code/src/go-programming-tour-book/blog-service/main.go: 26 main.init.0"],"level":"info","message":"app.BindAndValid errs: Name为必填字段","time":1616582306171784900}
2021/03/24 18:38:34 {"callers":["D:/go_code/src/go-programming-tour-book/blog-service/main.go: 26 main.init.0"],"level":"info","message":"app.BindAndValid errs: Name为必填字段","time":1616582314224604600}
2021/03/24 18:41:07 {"callers":["D:/go_code/src/go-programming-tour-book/blog-service/main.go: 26 main.init.0"],"level":"info","message":"app.BindAndValid errs: Name为必填字段","time":1616582467580929300}
2021/03/24 18:41:23 {"callers":["D:/go_code/src/go-programming-tour-book/blog-service/main.go: 26 main.init.0"],"level":"info","message":"app.BindAndValid errs: Name为必填字段","time":1616582483608630600}
2021/03/24 18:41:39 {"callers":["D:/go_code/src/go-programming-tour-book/blog-service/main.go: 26 main.init.0"],"level":"info","message":"app.BindAndValid errs: Name为必填字段","time":1616582499853226200}
2021/03/24 18:41:55 {"callers":["D:/go_code/src/go-programming-tour-book/blog-service/main.go: 26 main.init.0"],"level":"info","message":"app.BindAndValid errs: Name为必填字段","time":1616582515488480700}
2021/03/24 18:41:57 {"callers":["D:/go_code/src/go-programming-tour-book/blog-service/main.go: 26 main.init.0"],"level":"info","message":"app.BindAndValid errs: Name为必填字段","time":1616582517952101000}
2021/03/24 18:43:26 {"callers":["D:/go_code/src/go-programming-tour-book/blog-service/main.go: 26 main.init.0"],"level":"info","message":"app.BindAndValid errs: Name长度必须至少为3个字符","time":1616582606805790600}
2021/03/25 10:26:56 {"callers":["D:/go_code/src/go-programming-tour-book/blog-service/main.go: 26 main.init.0"],"level":"info","message":"eddycjy: go-programming-tour-book/blog-service","time":1616639216151929300}
2021/03/25 10:27:32 {"callers":["D:/go_code/src/go-programming-tour-book/blog-service/main.go: 26 main.init.0"],"level":"info","message":"app.BindAndValid errs: State为必填字段,ID为必填字段,Name长度必须至少为3个字符","time":1616639252134238100}
2021/03/25 10:28:05 {"callers":["D:/go_code/src/go-programming-tour-book/blog-service/main.go: 26 main.init.0"],"level":"info","message":"app.BindAndValid errs: Name长度必须至少为3个字符,State为必填字段","time":1616639285462438100}
2021/03/25 10:28:29 {"callers":["D:/go_code/src/go-programming-tour-book/blog-service/main.go: 26 main.init.0"],"level":"info","message":"app.BindAndValid errs: ID为必填字段,Name长度必须至少为3个字符,State为必填字段","time":1616639309734060000}
2021/03/25 10:29:24 {"callers":["D:/go_code/src/go-programming-tour-book/blog-service/main.go: 26 main.init.0"],"level":"info","message":"app.BindAndValid errs: ID为必填字段,Name长度必须至少为3个字符,State为必填字段","time":1616639364723692900}
2021/03/25 10:29:45 {"callers":["D:/go_code/src/go-programming-tour-book/blog-service/main.go: 26 main.init.0"],"level":"info","message":"app.BindAndValid errs: Name长度必须至少为3个字符,State为必填字段","time":1616639385137863300}
2021/03/25 10:30:54 {"callers":["D:/go_code/src/go-programming-tour-book/blog-service/main.go: 26 main.init.0"],"level":"info","message":"app.BindAndValid errs: ID为必填字段,Name长度必须至少为3个字符,State为必填字段","time":1616639454574749300}
2021/03/25 10:32:48 {"callers":["D:/go_code/src/go-programming-tour-book/blog-service/main.go: 26 main.init.0"],"level":"info","message":"app.BindAndValid errs: ID为必填字段","time":1616639568157256800}
2021/03/25 10:33:03 {"callers":["D:/go_code/src/go-programming-tour-book/blog-service/main.go: 26 main.init.0"],"level":"info","message":"app.BindAndValid errs: Name长度必须至少为3个字符,State为必填字段","time":1616639583358589800}
2021/03/25 10:35:24 {"callers":["D:/go_code/src/go-programming-tour-book/blog-service/main.go: 26 main.init.0"],"level":"info","message":"app.BindAndValid errs: State为必填字段","time":1616639724417199600}
2021/03/25 10:35:37 {"callers":["D:/go_code/src/go-programming-tour-book/blog-service/main.go: 26 main.init.0"],"level":"info","message":"app.BindAndValid errs: State为必填字段","time":1616639737397269500}
2021/03/25 10:35:38 {"callers":["D:/go_code/src/go-programming-tour-book/blog-service/main.go: 26 main.init.0"],"level":"info","message":"app.BindAndValid errs: State为必填字段","time":1616639738586210600}
2021/03/25 10:36:54 {"callers":["D:/go_code/src/go-programming-tour-book/blog-service/main.go: 26 main.init.0"],"level":"info","message":"app.BindAndValid errs: State为必填字段","time":1616639814179888200}
2021/03/25 10:37:13 {"callers":["D:/go_code/src/go-programming-tour-book/blog-service/main.go: 26 main.init.0"],"level":"info","message":"app.BindAndValid errs: State为必填字段","time":1616639833263046400}
2021/03/25 10:37:20 {"callers":["D:/go_code/src/go-programming-tour-book/blog-service/main.go: 26 main.init.0"],"level":"info","message":"app.BindAndValid errs: Name长度必须至少为3个字符,State为必填字段","time":1616639840733223300}
2021/03/25 10:37:25 {"callers":["D:/go_code/src/go-programming-tour-book/blog-service/main.go: 26 main.init.0"],"level":"info","message":"app.BindAndValid errs: Name长度必须至少为3个字符,State为必填字段","time":1616639845147652500}
2021/03/25 10:39:32 {"callers":["D:/go_code/src/go-programming-tour-book/blog-service/main.go: 26 main.init.0"],"level":"info","message":"eddycjy: go-programming-tour-book/blog-service","time":1616639972711669000}
2021/03/25 10:39:48 {"callers":["D:/go_code/src/go-programming-tour-book/blog-service/main.go: 26 main.init.0"],"level":"info","message":"app.BindAndValid errs: Name长度必须至少为3个字符,State为必填字段","time":1616639988195274200}
2021/03/25 10:40:10 {"callers":["D:/go_code/src/go-programming-tour-book/blog-service/main.go: 26 main.init.0"],"level":"info","message":"app.BindAndValid errs: State为必填字段,ModifiedBy为必填字段,ID为必填字段,Name长度必须至少为3个字符","time":1616640010085947700}
2021/03/25 10:40:21 {"callers":["D:/go_code/src/go-programming-tour-book/blog-service/main.go: 26 main.init.0"],"level":"info","message":"app.BindAndValid errs: ID为必填字段,Name长度必须至少为3个字符,State为必填字段,ModifiedBy为必填字段","time":1616640021202799900}
2021/03/25 10:41:02 {"callers":["D:/go_code/src/go-programming-tour-book/blog-service/main.go: 26 main.init.0"],"level":"info","message":"app.BindAndValid errs: Name长度必须至少为3个字符,State为必填字段","time":1616640062206648000}
2021/03/25 10:42:27 {"callers":["D:/go_code/src/go-programming-tour-book/blog-service/main.go: 26 main.init.0"],"level":"info","message":"app.BindAndValid errs: ID为必填字段,Name长度必须至少为3个字符,State为必填字段","time":1616640147913965800}
2021/03/25 10:42:45 {"callers":["D:/go_code/src/go-programming-tour-book/blog-service/main.go: 26 main.init.0"],"level":"info","message":"app.BindAndValid errs: State为必填字段,ModifiedBy为必填字段,ID为必填字段,Name长度必须至少为3个字符","time":1616640165774510200}
2021/03/25 10:43:08 {"callers":["D:/go_code/src/go-programming-tour-book/blog-service/main.go: 26 main.init.0"],"level":"info","message":"app.BindAndValid errs: ID为必填字段,Name长度必须至少为3个字符,State为必填字段","time":1616640188173243500}
2021/03/25 10:43:38 {"callers":["D:/go_code/src/go-programming-tour-book/blog-service/main.go: 26 main.init.0"],"level":"info","message":"app.BindAndValid errs: State为必填字段,ID为必填字段,Name长度必须至少为3个字符","time":1616640218172241300}
2021/03/25 10:43:53 {"callers":["D:/go_code/src/go-programming-tour-book/blog-service/main.go: 26 main.init.0"],"level":"info","message":"app.BindAndValid errs: Name长度必须至少为3个字符,State为必填字段","time":1616640233066507200}
2021/03/25 10:44:17 {"callers":["D:/go_code/src/go-programming-tour-book/blog-service/main.go: 26 main.init.0"],"level":"info","message":"app.BindAndValid errs: Name长度必须至少为3个字符","time":1616640257356317000}
2021/03/25 10:44:35 {"callers":["D:/go_code/src/go-programming-tour-book/blog-service/main.go: 26 main.init.0"],"level":"info","message":"app.BindAndValid errs: Name长度必须至少为3个字符","time":1616640275811924800}
2021/03/25 10:44:42 {"callers":["D:/go_code/src/go-programming-tour-book/blog-service/main.go: 26 main.init.0"],"level":"info","message":"app.BindAndValid errs: Name长度必须至少为3个字符,State为必填字段","time":1616640282791286800}
2021/03/25 16:39:43 {"callers":["D:/go_code/src/go-programming-tour-book/blog-service/main.go: 26 main.init.0"],"level":"info","message":"eddycjy: go-programming-tour-book/blog-service","time":1616661583359678000}
2021/03/25 17:15:15 {"callers":["D:/go_code/src/go-programming-tour-book/blog-service/main.go: 26 main.init.0"],"level":"info","message":"eddycjy: go-programming-tour-book/blog-service","time":1616663715859030400}
2021/03/26 11:27:46 {"callers":["D:/go_code/src/go-programming-tour-book/blog-service/main.go: 26 main.init.0"],"level":"info","message":"eddycjy: go-programming-tour-book/blog-service","time":1616729266482443600}
2021/03/26 11:32:10 {"callers":["D:/go_code/src/go-programming-tour-book/blog-service/main.go: 26 main.init.0"],"level":"info","message":"app.BindAndValid errs: AppKey为必填字段,AppSecret为必填字段","time":1616729530782150400}
2021/03/26 11:36:51 {"callers":["D:/go_code/src/go-programming-tour-book/blog-service/main.go: 26 main.init.0"],"level":"info","message":"app.BindAndValid errs: AppKey为必填字段,AppSecret为必填字段","time":1616729811614856700}
2021/03/26 11:37:09 {"callers":["D:/go_code/src/go-programming-tour-book/blog-service/main.go: 26 main.init.0"],"level":"info","message":"app.BindAndValid errs: AppKey为必填字段,AppSecret为必填字段","time":1616729829349922000}
2021/03/26 11:37:32 {"callers":["D:/go_code/src/go-programming-tour-book/blog-service/main.go: 26 main.init.0"],"level":"info","message":"app.BindAndValid errs: AppKey为必填字段,AppSecret为必填字段","time":1616729852118717200}
2021/03/26 11:37:52 {"callers":["D:/go_code/src/go-programming-tour-book/blog-service/main.go: 26 main.init.0"],"level":"info","message":"app.BindAndValid errs: AppKey为必填字段,AppSecret为必填字段","time":1616729872557501400}
2021/03/26 11:38:11 {"callers":["D:/go_code/src/go-programming-tour-book/blog-service/main.go: 26 main.init.0"],"level":"info","message":"app.BindAndValid errs: AppKey为必填字段,AppSecret为必填字段","time":1616729891927545400}
2021/03/26 11:38:51 {"callers":["D:/go_code/src/go-programming-tour-book/blog-service/main.go: 26 main.init.0"],"level":"info","message":"app.BindAndValid errs: AppSecret为必填字段,AppKey为必填字段","time":1616729931027056300}
2021/03/26 11:41:49 {"callers":["D:/go_code/src/go-programming-tour-book/blog-service/main.go: 26 main.init.0"],"level":"info","message":"eddycjy: go-programming-tour-book/blog-service","time":1616730109312544000}
2021/03/26 11:42:29 {"callers":["D:/go_code/src/go-programming-tour-book/blog-service/main.go: 26 main.init.0"],"level":"info","message":"app.BindAndValid errs: AppKey为必填字段,AppSecret为必填字段","time":1616730149610985500}
2021/03/26 11:42:40 {"callers":["D:/go_code/src/go-programming-tour-book/blog-service/main.go: 26 main.init.0"],"level":"info","message":"app.BindAndValid errs: AppKey为必填字段,AppSecret为必填字段","time":1616730160462884100}
2021/03/26 11:43:13 {"callers":["D:/go_code/src/go-programming-tour-book/blog-service/main.go: 26 main.init.0"],"level":"info","message":"app.BindAndValid errs: AppSecret为必填字段,AppKey为必填字段","time":1616730193072031100}
2021/03/26 11:44:19 {"callers":["D:/go_code/src/go-programming-tour-book/blog-service/main.go: 26 main.init.0"],"level":"info","message":"app.BindAndValid errs: AppKey为必填字段,AppSecret为必填字段","time":1616730259091663300}
2021/03/29 16:10:22 {"callers":["D:/go_code/src/go-programming-tour-book/blog-service/main.go: 26 main.init.0"],"level":"info","message":"app.BindAndValid errs: AppKey为必填字段,AppSecret为必填字段","time":1617005422008757500}
